<?xml version="1.0" encoding="UTF-8"?>
<robot generator="Robot 4.0.3 (Python 3.8.7 on win32)" generated="20210707 14:49:12.750" rpa="false" schemaversion="2">
<suite id="s1" name="TC04Handlingmouseoperation" source="C:\Users\egervin\PycharmProjects\robotpractice\testcases\TC04Handlingmouseoperation.robot">
<test id="s1-t1" name="TC04 handling mouse operations">
<kw name="Test case start" library="keyword" type="SETUP">
<arg>${url}</arg>
<kw name="Evaluate" library="BuiltIn">
<var>${chrome_options}</var>
<arg>sys.modules['selenium.webdriver'].ChromeOptions()</arg>
<arg>sys</arg>
<doc>Evaluates the given expression in Python and returns the result.</doc>
<msg timestamp="20210707 14:49:13.044" level="INFO">${chrome_options} = &lt;selenium.webdriver.chrome.options.Options object at 0x0000018DDBBC37F0&gt;</msg>
<status status="PASS" starttime="20210707 14:49:13.044" endtime="20210707 14:49:13.044"/>
</kw>
<kw name="Call Method" library="BuiltIn">
<arg>${chrome_options}</arg>
<arg>add_argument</arg>
<arg>--headless</arg>
<doc>Calls the named method of the given object with the provided arguments.</doc>
<status status="PASS" starttime="20210707 14:49:13.044" endtime="20210707 14:49:13.044"/>
</kw>
<kw name="Call Method" library="BuiltIn">
<arg>${chrome_options}</arg>
<arg>add_argument</arg>
<arg>--ignore-certificate-errors</arg>
<doc>Calls the named method of the given object with the provided arguments.</doc>
<status status="PASS" starttime="20210707 14:49:13.044" endtime="20210707 14:49:13.045"/>
</kw>
<kw name="Call Method" library="BuiltIn">
<arg>${chrome_options}</arg>
<arg>add_argument</arg>
<arg>--no-sandbox</arg>
<doc>Calls the named method of the given object with the provided arguments.</doc>
<status status="PASS" starttime="20210707 14:49:13.045" endtime="20210707 14:49:13.045"/>
</kw>
<kw name="Call Method" library="BuiltIn">
<arg>${chrome_options}</arg>
<arg>add_argument</arg>
<arg>--disable-dev-shm-usage</arg>
<doc>Calls the named method of the given object with the provided arguments.</doc>
<status status="PASS" starttime="20210707 14:49:13.045" endtime="20210707 14:49:13.045"/>
</kw>
<kw name="Run Keyword If" library="BuiltIn">
<arg>os.sep == '/'</arg>
<arg>Create Webdriver</arg>
<arg>Chrome</arg>
<arg>my_alias</arg>
<arg>chrome_options=${chrome_options}</arg>
<arg>executable_path=C:\driver</arg>
<arg>ELSE</arg>
<arg>Create Webdriver</arg>
<arg>Chrome</arg>
<arg>my_alias</arg>
<arg>chrome_options=${chrome_options}</arg>
<doc>Runs the given keyword with the given arguments, if ``condition`` is true.</doc>
<kw name="Create Webdriver" library="SeleniumLibrary">
<arg>Chrome</arg>
<arg>my_alias</arg>
<arg>chrome_options=${chrome_options}</arg>
<doc>Creates an instance of Selenium WebDriver.</doc>
<msg timestamp="20210707 14:49:13.046" level="INFO">Creating an instance of the Chrome WebDriver.</msg>
<status status="PASS" starttime="20210707 14:49:13.046" endtime="20210707 14:49:14.330"/>
</kw>
<status status="PASS" starttime="20210707 14:49:13.045" endtime="20210707 14:49:14.330"/>
</kw>
<kw name="Go To" library="SeleniumLibrary">
<arg>${url}</arg>
<doc>Navigates the current browser window to the provided ``url``.</doc>
<msg timestamp="20210707 14:49:14.330" level="INFO">Opening url 'https://www.sugarcrm.com/au/request-demo/'</msg>
<status status="PASS" starttime="20210707 14:49:14.330" endtime="20210707 14:49:19.049"/>
</kw>
<status status="PASS" starttime="20210707 14:49:13.043" endtime="20210707 14:49:19.049"/>
</kw>
<kw name="Sleep" library="BuiltIn">
<arg>2s</arg>
<doc>Pauses the test executed for the given time.</doc>
<msg timestamp="20210707 14:49:21.051" level="INFO">Slept 2 seconds</msg>
<status status="PASS" starttime="20210707 14:49:19.049" endtime="20210707 14:49:21.051"/>
</kw>
<kw name="Mouse Down" library="SeleniumLibrary">
<arg>//div[@id='field9']/div/input</arg>
<doc>Simulates pressing the left mouse button on the element ``locator``.</doc>
<msg timestamp="20210707 14:49:21.052" level="INFO">Simulating Mouse Down on element '//div[@id='field9']/div/input'.</msg>
<status status="PASS" starttime="20210707 14:49:21.051" endtime="20210707 14:49:21.353"/>
</kw>
<kw name="Scroll Element Into View" library="SeleniumLibrary">
<arg>//li[@id='menu-item-17583']/a</arg>
<doc>Scrolls the element identified by ``locator`` into view.</doc>
<kw name="Capture Page Screenshot" library="SeleniumLibrary">
<doc>Takes a screenshot of the current page and embeds it into a log file.</doc>
<msg timestamp="20210707 14:49:21.466" level="INFO" html="true">&lt;/td&gt;&lt;/tr&gt;&lt;tr&gt;&lt;td colspan="3"&gt;&lt;a href="selenium-screenshot-32.png"&gt;&lt;img src="selenium-screenshot-32.png" width="800px"&gt;&lt;/a&gt;</msg>
<status status="PASS" starttime="20210707 14:49:21.386" endtime="20210707 14:49:21.466"/>
</kw>
<msg timestamp="20210707 14:49:21.470" level="FAIL">ElementNotInteractableException: Message: element not interactable: https://www.sugarcrm.com/au/solutions/sugar-serve/ has no size and location
  (Session info: headless chrome=91.0.4472.101)
</msg>
<status status="FAIL" starttime="20210707 14:49:21.353" endtime="20210707 14:49:21.470"/>
</kw>
<kw name="Open Context Menu" library="SeleniumLibrary">
<arg>//li[@id='menu-item-17583']/a</arg>
<doc>Opens the context menu on the element identified by ``locator``.</doc>
<status status="NOT RUN" starttime="20210707 14:49:21.470" endtime="20210707 14:49:21.470"/>
</kw>
<kw name="Test case end" library="keyword" type="TEARDOWN">
<kw name="Close Browser" library="SeleniumLibrary">
<doc>Closes the current browser.</doc>
<status status="PASS" starttime="20210707 14:49:21.471" endtime="20210707 14:49:24.065"/>
</kw>
<status status="PASS" starttime="20210707 14:49:21.471" endtime="20210707 14:49:24.065"/>
</kw>
<status status="FAIL" starttime="20210707 14:49:13.042" endtime="20210707 14:49:24.065">ElementNotInteractableException: Message: element not interactable: https://www.sugarcrm.com/au/solutions/sugar-serve/ has no size and location
  (Session info: headless chrome=91.0.4472.101)
</status>
</test>
<status status="FAIL" starttime="20210707 14:49:12.754" endtime="20210707 14:49:24.066"/>
</suite>
<statistics>
<total>
<stat pass="0" fail="1" skip="0">All Tests</stat>
</total>
<tag>
</tag>
<suite>
<stat pass="0" fail="1" skip="0" id="s1" name="TC04Handlingmouseoperation">TC04Handlingmouseoperation</stat>
</suite>
</statistics>
<errors>
</errors>
</robot>
